Determining if the pthread_create exist failed with the following output:
Change Dir: /home/reza/ROS_Workspace/my_pcl_tutorial/build/CMakeFiles/CMakeTmp

Run Build Command:/usr/bin/make "cmTryCompileExec3717044635/fast"
make[1]: Entering directory `/home/reza/ROS_Workspace/my_pcl_tutorial/build/CMakeFiles/CMakeTmp'
/usr/bin/make -f CMakeFiles/cmTryCompileExec3717044635.dir/build.make CMakeFiles/cmTryCompileExec3717044635.dir/build
make[2]: Entering directory `/home/reza/ROS_Workspace/my_pcl_tutorial/build/CMakeFiles/CMakeTmp'
/usr/bin/cmake -E cmake_progress_report /home/reza/ROS_Workspace/my_pcl_tutorial/build/CMakeFiles/CMakeTmp/CMakeFiles 1
Building C object CMakeFiles/cmTryCompileExec3717044635.dir/CheckSymbolExists.c.o
/usr/bin/cc    -o CMakeFiles/cmTryCompileExec3717044635.dir/CheckSymbolExists.c.o   -c /home/reza/ROS_Workspace/my_pcl_tutorial/build/CMakeFiles/CMakeTmp/CheckSymbolExists.c
Linking C executable cmTryCompileExec3717044635
/usr/bin/cmake -E cmake_link_script CMakeFiles/cmTryCompileExec3717044635.dir/link.txt --verbose=1
/usr/bin/cc         CMakeFiles/cmTryCompileExec3717044635.dir/CheckSymbolExists.c.o  -o cmTryCompileExec3717044635 -rdynamic 
CMakeFiles/cmTryCompileExec3717044635.dir/CheckSymbolExists.c.o: In function `main':
CheckSymbolExists.c:(.text+0x16): undefined reference to `pthread_create'
collect2: ld returned 1 exit status
make[2]: *** [cmTryCompileExec3717044635] Error 1
make[2]: Leaving directory `/home/reza/ROS_Workspace/my_pcl_tutorial/build/CMakeFiles/CMakeTmp'
make[1]: *** [cmTryCompileExec3717044635/fast] Error 2
make[1]: Leaving directory `/home/reza/ROS_Workspace/my_pcl_tutorial/build/CMakeFiles/CMakeTmp'

File /home/reza/ROS_Workspace/my_pcl_tutorial/build/CMakeFiles/CMakeTmp/CheckSymbolExists.c:
/* */
#include <pthread.h>

int main(int argc, char** argv)
{
  (void)argv;
#ifndef pthread_create
  return ((int*)(&pthread_create))[argc];
#else
  (void)argc;
  return 0;
#endif
}

Determining if the function pthread_create exists in the pthreads failed with the following output:
Change Dir: /home/reza/ROS_Workspace/my_pcl_tutorial/build/CMakeFiles/CMakeTmp

Run Build Command:/usr/bin/make "cmTryCompileExec98205950/fast"
make[1]: Entering directory `/home/reza/ROS_Workspace/my_pcl_tutorial/build/CMakeFiles/CMakeTmp'
/usr/bin/make -f CMakeFiles/cmTryCompileExec98205950.dir/build.make CMakeFiles/cmTryCompileExec98205950.dir/build
make[2]: Entering directory `/home/reza/ROS_Workspace/my_pcl_tutorial/build/CMakeFiles/CMakeTmp'
/usr/bin/cmake -E cmake_progress_report /home/reza/ROS_Workspace/my_pcl_tutorial/build/CMakeFiles/CMakeTmp/CMakeFiles 1
Building C object CMakeFiles/cmTryCompileExec98205950.dir/CheckFunctionExists.c.o
/usr/bin/cc   -DCHECK_FUNCTION_EXISTS=pthread_create   -o CMakeFiles/cmTryCompileExec98205950.dir/CheckFunctionExists.c.o   -c /usr/share/cmake-2.8/Modules/CheckFunctionExists.c
Linking C executable cmTryCompileExec98205950
/usr/bin/cmake -E cmake_link_script CMakeFiles/cmTryCompileExec98205950.dir/link.txt --verbose=1
/usr/bin/cc     -DCHECK_FUNCTION_EXISTS=pthread_create    CMakeFiles/cmTryCompileExec98205950.dir/CheckFunctionExists.c.o  -o cmTryCompileExec98205950 -rdynamic -lpthreads 
/usr/bin/ld: cannot find -lpthreads
collect2: ld returned 1 exit status
make[2]: *** [cmTryCompileExec98205950] Error 1
make[2]: Leaving directory `/home/reza/ROS_Workspace/my_pcl_tutorial/build/CMakeFiles/CMakeTmp'
make[1]: *** [cmTryCompileExec98205950/fast] Error 2
make[1]: Leaving directory `/home/reza/ROS_Workspace/my_pcl_tutorial/build/CMakeFiles/CMakeTmp'


